env: load .env
env: export API_BASE_URL EXPO_PUBLIC_API_BASE_URL
Starting project at /Users/matthew/Desktop/Feb26/ora-ai
Starting Metro Bundler
The following packages should be updated for best compatibility with the installed expo version:
  react-native-screens@4.22.0 - expected version: ~4.16.0
  react-native-svg@15.15.3 - expected version: 15.12.1
  @types/jest@30.0.0 - expected version: 29.5.14
Your project may not work correctly until you install the expected versions of the packages.
Waiting on http://localhost:19006
Logs for your project will appear below.
Web ./index.ts ░░░░░░░░░░░░░░░░  0.0% (0/1)
Web ./index.ts ░░░░░░░░░░░░░░░░  0.0% (0/1)
Web ./index.ts ▓▓▓▓▓▓░░░░░░░░░░ 42.8% (21/35)
Web ./index.ts ░░░░░░░░░░░░░░░░  0.0% (0/1)
Web ./index.ts ▓▓▓▓▓▓▓▓▓▓▓▓▓▓░░ 88.4% ( 86/148)
Web ./index.ts ░░░░░░░░░░░░░░░░  0.0% (0/1)
Web ./index.ts ▓▓▓▓▓▓▓▓▓▓▓▓▓▓░░ 88.4% (213/304)
Web ./index.ts ░░░░░░░░░░░░░░░░  0.0% (0/1)
Web ./index.ts ▓▓▓▓▓▓▓▓▓▓▓▓▓▓░░ 88.4% (379/559)
Web ./index.ts ░░░░░░░░░░░░░░░░  0.0% (0/1)
Web ./index.ts ▓▓▓▓▓▓▓▓▓▓▓▓▓▓░░ 88.4% (613/743)
Web ./index.ts ░░░░░░░░░░░░░░░░  0.0% (0/1)
Web ./index.ts ▓▓▓▓▓▓▓▓▓▓▓▓▓▓▓░ 99.5% (807/809)
Web ./index.ts ░░░░░░░░░░░░░░░░  0.0% (0/1)
Web Bundled 23438ms index.ts (811 modules)
Web Bundled 23468ms index.ts (1 module)
 LOG  [web] Logs will appear in the browser console
Web Bundled 252ms src/services/api/mockAuth.ts (3 modules)
Web ./index.ts ░░░░░░░░░░░░░░░░  0.0% (0/1)
Web Bundled 46ms index.ts (1 module)
 LOG  [web] Logs will appear in the browser console
Web Bundled 46ms src/services/api/mockAuth.ts (1 module)
Web ./index.ts ░░░░░░░░░░░░░░░░  0.0% (0/1)
Web Bundled 142ms index.ts (1 module)
 LOG  [web] Logs will appear in the browser console
Web Bundled 3ms src/services/api/mockAuth.ts (1 module)
Web ./index.ts ░░░░░░░░░░░░░░░░  0.0% (0/1)
Web Bundled 139ms index.ts (1 module)
 LOG  [web] Logs will appear in the browser console
Web Bundled 4ms src/services/api/mockAuth.ts (1 module)
Web ./index.ts ░░░░░░░░░░░░░░░░  0.0% (0/1)
Web Bundled 73ms index.ts (1 module)
 LOG  [web] Logs will appear in the browser console
Web Bundled 5ms src/services/api/mockAuth.ts (1 module)
Web ./index.ts ░░░░░░░░░░░░░░░░  0.0% (0/1)
Web Bundled 121ms index.ts (1 module)
 LOG  [web] Logs will appear in the browser console
Web Bundled 18ms src/services/api/mockAuth.ts (1 module)
Web ./index.ts ░░░░░░░░░░░░░░░░  0.0% (0/1)
Web Bundled 85ms index.ts (1 module)
 LOG  [web] Logs will appear in the browser console
Web Bundled 3ms src/services/api/mockAuth.ts (1 module)
Web ./index.ts ░░░░░░░░░░░░░░░░  0.0% (0/1)
Web Bundled 84ms index.ts (1 module)
 LOG  [web] Logs will appear in the browser console
Web Bundled 4ms src/services/api/mockAuth.ts (1 module)
Web ./index.ts ░░░░░░░░░░░░░░░░  0.0% (0/1)
Web Bundled 63ms index.ts (1 module)
 LOG  [web] Logs will appear in the browser console
Web Bundled 1ms src/services/api/mockAuth.ts (1 module)
Web ./index.ts ░░░░░░░░░░░░░░░░  0.0% (0/1)
Web Bundled 71ms index.ts (1 module)
 LOG  [web] Logs will appear in the browser console
Web Bundled 11ms src/services/api/mockAuth.ts (1 module)
