env: load .env
env: export API_BASE_URL EXPO_PUBLIC_API_BASE_URL
Starting project at /Users/matthew/Desktop/Feb26/ora-ai
Starting Metro Bundler
The following packages should be updated for best compatibility with the installed expo version:
  react-native-screens@4.22.0 - expected version: ~4.16.0
  react-native-svg@15.15.3 - expected version: 15.12.1
  @types/jest@30.0.0 - expected version: 29.5.14
Your project may not work correctly until you install the expected versions of the packages.
Waiting on http://localhost:8081
Logs for your project will appear below.
Web ./index.ts ░░░░░░░░░░░░░░░░  0.0% (0/1)
Web ./index.ts ▓▓▓▓░░░░░░░░░░░░ 25.0% (11/24)
Web ./index.ts ▓▓▓▓▓▓▓▓▓▓▓▓░░░░ 77.9% (49/82)
Web ./index.ts ▓▓▓▓▓▓▓▓▓▓▓▓░░░░ 77.9% (138/216)
Web ./index.ts ▓▓▓▓▓▓▓▓▓▓▓▓░░░░ 77.9% (237/357)
Web ./index.ts ▓▓▓▓▓▓▓▓▓▓▓▓░░░░ 77.9% (364/521)
Web ./index.ts ▓▓▓▓▓▓▓▓▓▓▓▓░░░░ 77.9% (551/681)
Web ./index.ts ▓▓▓▓▓▓▓▓▓▓▓▓▓▓░░ 89.3% (740/783)
Web ./index.ts ▓▓▓▓▓▓▓▓▓▓▓▓▓▓▓░ 99.8% (812/813)
Web Bundled 29782ms index.ts (815 modules)
 LOG  [web] Logs will appear in the browser console
Web ./index.ts ░░░░░░░░░░░░░░░░  0.0% (0/1)
Web ./index.ts ▓▓▓▓▓░░░░░░░░░░░ 33.1% (131/228)
Web ./index.ts ▓▓▓▓▓▓▓░░░░░░░░░ 44.3% (279/451)
Web ./index.ts ▓▓▓▓▓▓▓▓▓░░░░░░░ 59.5% (463/605)
