[     505ms] [WARNING] "shadow*" style props are deprecated. Use "boxShadow". @ http://localhost:19006/index.ts.bundle?platform=web&dev=true&hot=false&lazy=true&transform.engine=hermes&transform.routerRoot=app&unstable_transformProfile=hermes-stable:23463
[     532ms] [WARNING] "textShadow*" style props are deprecated. Use "textShadow". @ http://localhost:19006/index.ts.bundle?platform=web&dev=true&hot=false&lazy=true&transform.engine=hermes&transform.routerRoot=app&unstable_transformProfile=hermes-stable:23463
[     666ms] [WARNING] props.pointerEvents is deprecated. Use style.pointerEvents @ http://localhost:19006/index.ts.bundle?platform=web&dev=true&hot=false&lazy=true&transform.engine=hermes&transform.routerRoot=app&unstable_transformProfile=hermes-stable:23463
[     792ms] [ERROR] Failed to load resource: the server responded with a status of 401 (Unauthorized) @ http://localhost:4000/auth/login:0
[     795ms] [ERROR] Failed to load resource: the server responded with a status of 400 (Bad Request) @ http://localhost:4000/auth/register:0
[     795ms] [WARNING] Mock auth: Could not authenticate, proceeding without token @ :149
[     803ms] [ERROR] Failed to load resource: the server responded with a status of 500 (Internal Server Error) @ http://localhost:4000/meditations/stats/user/test-user-123:0
[     804ms] [WARNING] Meditation stats unavailable, using defaults: APIError: Request failed
    at APIClient.request (http://localhost:19006/index.ts.bundle?platform=web&dev=true&hot=false&lazy=true&transform.engine=hermes&transform.routerRoot=app&unstable_transformProfile=hermes-stable:75441:17)
    at async Object.getUserStats (http://localhost:19006/index.ts.bundle?platform=web&dev=true&hot=false&lazy=true&transform.engine=hermes&transform.routerRoot=app&unstable_transformProfile=hermes-stable:76763:26)
    at async Promise.allSettled (index 1)
    at async loadHomeData (http://localhost:19006/index.ts.bundle?platform=web&dev=true&hot=false&lazy=true&transform.engine=hermes&transform.routerRoot=app&unstable_transformProfile=hermes-stable:117329:52) @ http://localhost:19006/index.ts.bundle?platform=web&dev=true&hot=false&lazy=true&transform.engine=hermes&transform.routerRoot=app&unstable_transformProfile=hermes-stable:76765
[ 1005425ms] [ERROR] Failed to load resource: the server responded with a status of 500 (Internal Server Error) @ http://localhost:4000/chat/messages:0
[ 1005426ms] [ERROR] Chat error: APIError: Request failed
    at APIClient.request (http://localhost:19006/index.ts.bundle?platform=web&dev=true&hot=false&lazy=true&transform.engine=hermes&transform.routerRoot=app&unstable_transformProfile=hermes-stable:75441:17)
    at async http://localhost:19006/index.ts.bundle?platform=web&dev=true&hot=false&lazy=true&transform.engine=hermes&transform.routerRoot=app&unstable_transformProfile=hermes-stable:75279:26 @ http://localhost:19006/index.ts.bundle?platform=web&dev=true&hot=false&lazy=true&transform.engine=hermes&transform.routerRoot=app&unstable_transformProfile=hermes-stable:75292
[ 1185339ms] [ERROR] Failed to load resource: net::ERR_CONNECTION_REFUSED @ http://localhost:4000/chat/messages:0
[ 1185339ms] [ERROR] Chat error: APIError: Network request failed
    at APIClient.request (http://localhost:19006/index.ts.bundle?platform=web&dev=true&hot=false&lazy=true&transform.engine=hermes&transform.routerRoot=app&unstable_transformProfile=hermes-stable:75448:15)
    at async http://localhost:19006/index.ts.bundle?platform=web&dev=true&hot=false&lazy=true&transform.engine=hermes&transform.routerRoot=app&unstable_transformProfile=hermes-stable:75279:26 @ http://localhost:19006/index.ts.bundle?platform=web&dev=true&hot=false&lazy=true&transform.engine=hermes&transform.routerRoot=app&unstable_transformProfile=hermes-stable:75292
