[     218ms] [WARNING] "shadow*" style props are deprecated. Use "boxShadow". @ http://localhost:8086/index.ts.bundle?platform=web&dev=true&hot=false&lazy=true&transform.engine=hermes&transform.routerRoot=app&unstable_transformProfile=hermes-stable:23463
[     243ms] [WARNING] "textShadow*" style props are deprecated. Use "textShadow". @ http://localhost:8086/index.ts.bundle?platform=web&dev=true&hot=false&lazy=true&transform.engine=hermes&transform.routerRoot=app&unstable_transformProfile=hermes-stable:23463
[     301ms] [WARNING] props.pointerEvents is deprecated. Use style.pointerEvents @ http://localhost:8086/index.ts.bundle?platform=web&dev=true&hot=false&lazy=true&transform.engine=hermes&transform.routerRoot=app&unstable_transformProfile=hermes-stable:23463
[     367ms] [ERROR] Failed to load resource: the server responded with a status of 401 (Unauthorized) @ http://localhost:4000/auth/login:0
[     369ms] [ERROR] Failed to load resource: the server responded with a status of 400 (Bad Request) @ http://localhost:4000/auth/register:0
[     369ms] [WARNING] Mock auth: Could not authenticate, proceeding without token @ :149
[     381ms] [ERROR] Failed to load resource: the server responded with a status of 500 (Internal Server Error) @ http://localhost:4000/meditations/stats/user/test-user-123:0
[     381ms] [WARNING] Meditation stats unavailable, using defaults: APIError: Request failed
    at APIClient.request (http://localhost:8086/index.ts.bundle?platform=web&dev=true&hot=false&lazy=true&transform.engine=hermes&transform.routerRoot=app&unstable_transformProfile=hermes-stable:75440:17)
    at async Object.getUserStats (http://localhost:8086/index.ts.bundle?platform=web&dev=true&hot=false&lazy=true&transform.engine=hermes&transform.routerRoot=app&unstable_transformProfile=hermes-stable:76762:26)
    at async Promise.allSettled (index 1)
    at async loadHomeData (http://localhost:8086/index.ts.bundle?platform=web&dev=true&hot=false&lazy=true&transform.engine=hermes&transform.routerRoot=app&unstable_transformProfile=hermes-stable:117161:52) @ http://localhost:8086/index.ts.bundle?platform=web&dev=true&hot=false&lazy=true&transform.engine=hermes&transform.routerRoot=app&unstable_transformProfile=hermes-stable:76764
[   36904ms] [ERROR] Error loading messages: TypeError: Cannot read properties of undefined (reading 'getMessages')
    at loadMessages (http://localhost:8086/index.ts.bundle?platform=web&dev=true&hot=false&lazy=true&transform.engine=hermes&transform.routerRoot=app&unstable_transformProfile=hermes-stable:112078:52)
    at http://localhost:8086/index.ts.bundle?platform=web&dev=true&hot=false&lazy=true&transform.engine=hermes&transform.routerRoot=app&unstable_transformProfile=hermes-stable:112073:7
    at react-stack-bottom-frame (http://localhost:8086/index.ts.bundle?platform=web&dev=true&hot=false&lazy=true&transform.engine=hermes&transform.routerRoot=app&unstable_transformProfile=hermes-stable:17908:20)
    at runWithFiberInDEV (http://localhost:8086/index.ts.bundle?platform=web&dev=true&hot=false&lazy=true&transform.engine=hermes&transform.routerRoot=app&unstable_transformProfile=hermes-stable:5827:70)
    at commitHookEffectListMount (http://localhost:8086/index.ts.bundle?platform=web&dev=true&hot=false&lazy=true&transform.engine=hermes&transform.routerRoot=app&unstable_transformProfile=hermes-stable:10817:620)
    at commitHookPassiveMountEffects (http://localhost:8086/index.ts.bundle?platform=web&dev=true&hot=false&lazy=true&transform.engine=hermes&transform.routerRoot=app&unstable_transformProfile=hermes-stable:10854:58)
    at commitPassiveMountOnFiber (http://localhost:8086/index.ts.bundle?platform=web&dev=true&hot=false&lazy=true&transform.engine=hermes&transform.routerRoot=app&unstable_transformProfile=hermes-stable:11756:27)
    at recursivelyTraversePassiveMountEffects (http://localhost:8086/index.ts.bundle?platform=web&dev=true&hot=false&lazy=true&transform.engine=hermes&transform.routerRoot=app&unstable_transformProfile=hermes-stable:11747:106)
    at commitPassiveMountOnFiber (http://localhost:8086/index.ts.bundle?platform=web&dev=true&hot=false&lazy=true&transform.engine=hermes&transform.routerRoot=app&unstable_transformProfile=hermes-stable:11796:11)
    at recursivelyTraversePassiveMountEffects (http://localhost:8086/index.ts.bundle?platform=web&dev=true&hot=false&lazy=true&transform.engine=hermes&transform.routerRoot=app&unstable_transformProfile=hermes-stable:11747:106) @ http://localhost:8086/index.ts.bundle?platform=web&dev=true&hot=false&lazy=true&transform.engine=hermes&transform.routerRoot=app&unstable_transformProfile=hermes-stable:112081
[   36905ms] [ERROR] Error loading categories: TypeError: Cannot read properties of undefined (reading 'getCategories')
    at loadCategories (http://localhost:8086/index.ts.bundle?platform=web&dev=true&hot=false&lazy=true&transform.engine=hermes&transform.routerRoot=app&unstable_transformProfile=hermes-stable:84355:55)
    at http://localhost:8086/index.ts.bundle?platform=web&dev=true&hot=false&lazy=true&transform.engine=hermes&transform.routerRoot=app&unstable_transformProfile=hermes-stable:84348:7
    at react-stack-bottom-frame (http://localhost:8086/index.ts.bundle?platform=web&dev=true&hot=false&lazy=true&transform.engine=hermes&transform.routerRoot=app&unstable_transformProfile=hermes-stable:17908:20)
    at runWithFiberInDEV (http://localhost:8086/index.ts.bundle?platform=web&dev=true&hot=false&lazy=true&transform.engine=hermes&transform.routerRoot=app&unstable_transformProfile=hermes-stable:5827:70)
    at commitHookEffectListMount (http://localhost:8086/index.ts.bundle?platform=web&dev=true&hot=false&lazy=true&transform.engine=hermes&transform.routerRoot=app&unstable_transformProfile=hermes-stable:10817:620)
    at commitHookPassiveMountEffects (http://localhost:8086/index.ts.bundle?platform=web&dev=true&hot=false&lazy=true&transform.engine=hermes&transform.routerRoot=app&unstable_transformProfile=hermes-stable:10854:58)
    at commitPassiveMountOnFiber (http://localhost:8086/index.ts.bundle?platform=web&dev=true&hot=false&lazy=true&transform.engine=hermes&transform.routerRoot=app&unstable_transformProfile=hermes-stable:11756:27)
    at recursivelyTraversePassiveMountEffects (http://localhost:8086/index.ts.bundle?platform=web&dev=true&hot=false&lazy=true&transform.engine=hermes&transform.routerRoot=app&unstable_transformProfile=hermes-stable:11747:106)
    at commitPassiveMountOnFiber (http://localhost:8086/index.ts.bundle?platform=web&dev=true&hot=false&lazy=true&transform.engine=hermes&transform.routerRoot=app&unstable_transformProfile=hermes-stable:11755:11)
    at recursivelyTraversePassiveMountEffects (http://localhost:8086/index.ts.bundle?platform=web&dev=true&hot=false&lazy=true&transform.engine=hermes&transform.routerRoot=app&unstable_transformProfile=hermes-stable:11747:106) @ http://localhost:8086/index.ts.bundle?platform=web&dev=true&hot=false&lazy=true&transform.engine=hermes&transform.routerRoot=app&unstable_transformProfile=hermes-stable:84357
[  134872ms] [WARNING] Disconnected from Metro (1006)
To reconnect:
- Ensure that Metro is running and available on the same network
- Reload this app (will trigger further help if Metro cannot be connected to) @ http://localhost:8086/index.ts.bundle?platform=web&dev=true&hot=false&lazy=true&transform.engine=hermes&transform.routerRoot=app&unstable_transformProfile=hermes-stable:1732
