[     216ms] [WARNING] "shadow*" style props are deprecated. Use "boxShadow". @ http://localhost:8085/index.ts.bundle?platform=web&dev=true&hot=false&lazy=true&transform.engine=hermes&transform.routerRoot=app&unstable_transformProfile=hermes-stable:23463
[     240ms] [WARNING] "textShadow*" style props are deprecated. Use "textShadow". @ http://localhost:8085/index.ts.bundle?platform=web&dev=true&hot=false&lazy=true&transform.engine=hermes&transform.routerRoot=app&unstable_transformProfile=hermes-stable:23463
[     310ms] [WARNING] props.pointerEvents is deprecated. Use style.pointerEvents @ http://localhost:8085/index.ts.bundle?platform=web&dev=true&hot=false&lazy=true&transform.engine=hermes&transform.routerRoot=app&unstable_transformProfile=hermes-stable:23463
[     348ms] [ERROR] Access to fetch at 'http://localhost:4000/auth/signin' from origin 'http://localhost:8085' has been blocked by CORS policy: Response to preflight request doesn't pass access control check: No 'Access-Control-Allow-Origin' header is present on the requested resource. @ http://localhost:8085/:0
[     348ms] [ERROR] Failed to load resource: net::ERR_FAILED @ http://localhost:4000/auth/signin:0
[     348ms] [ERROR] Mock auth error: TypeError: Failed to fetch
    at Object.getOrCreateTestUser (eval at <anonymous> (http://localhost:8085/index.ts.bundle?platform=web&dev=true&hot=false&lazy=true&transform.engine=hermes&transform.routerRoot=app&unstable_transformProfile=hermes-stable:4030:16), <anonymous>:115:32)
    at APIClient.initialize (http://localhost:8085/index.ts.bundle?platform=web&dev=true&hot=false&lazy=true&transform.engine=hermes&transform.routerRoot=app&unstable_transformProfile=hermes-stable:75410:38) @ :151
[     367ms] [ERROR] Access to fetch at 'http://localhost:4000/meditations' from origin 'http://localhost:8085' has been blocked by CORS policy: Response to preflight request doesn't pass access control check: No 'Access-Control-Allow-Origin' header is present on the requested resource. @ http://localhost:8085/:0
[     367ms] [ERROR] Failed to load resource: net::ERR_FAILED @ http://localhost:4000/meditations:0
[     367ms] [ERROR] Error fetching meditations: APIError: Network request failed
    at APIClient.request (http://localhost:8085/index.ts.bundle?platform=web&dev=true&hot=false&lazy=true&transform.engine=hermes&transform.routerRoot=app&unstable_transformProfile=hermes-stable:75447:15)
    at async Object.getAllMeditations (http://localhost:8085/index.ts.bundle?platform=web&dev=true&hot=false&lazy=true&transform.engine=hermes&transform.routerRoot=app&unstable_transformProfile=hermes-stable:76701:26)
    at async Promise.all (index 0)
    at async loadHomeData (http://localhost:8085/index.ts.bundle?platform=web&dev=true&hot=false&lazy=true&transform.engine=hermes&transform.routerRoot=app&unstable_transformProfile=hermes-stable:117151:53) @ http://localhost:8085/index.ts.bundle?platform=web&dev=true&hot=false&lazy=true&transform.engine=hermes&transform.routerRoot=app&unstable_transformProfile=hermes-stable:76721
[     367ms] [ERROR] Access to fetch at 'http://localhost:4000/meditations/stats/user/test-user-123' from origin 'http://localhost:8085' has been blocked by CORS policy: Response to preflight request doesn't pass access control check: No 'Access-Control-Allow-Origin' header is present on the requested resource. @ http://localhost:8085/:0
[     367ms] [ERROR] Failed to load resource: net::ERR_FAILED @ http://localhost:4000/meditations/stats/user/test-user-123:0
[     367ms] [ERROR] Failed to load home data: APIError: Network request failed
    at APIClient.request (http://localhost:8085/index.ts.bundle?platform=web&dev=true&hot=false&lazy=true&transform.engine=hermes&transform.routerRoot=app&unstable_transformProfile=hermes-stable:75447:15)
    at async Object.getUserStats (http://localhost:8085/index.ts.bundle?platform=web&dev=true&hot=false&lazy=true&transform.engine=hermes&transform.routerRoot=app&unstable_transformProfile=hermes-stable:76761:24)
    at async Promise.all (index 1)
    at async loadHomeData (http://localhost:8085/index.ts.bundle?platform=web&dev=true&hot=false&lazy=true&transform.engine=hermes&transform.routerRoot=app&unstable_transformProfile=hermes-stable:117151:53) @ http://localhost:8085/index.ts.bundle?platform=web&dev=true&hot=false&lazy=true&transform.engine=hermes&transform.routerRoot=app&unstable_transformProfile=hermes-stable:117156
[  131821ms] [ERROR] WebSocket connection to 'ws://localhost:8085/message' failed:  @ http://localhost:8085/index.ts.bundle?platform=web&dev=true&hot=false&lazy=true&transform.engine=hermes&transform.routerRoot=app&unstable_transformProfile=hermes-stable:3656
[  131821ms] [ERROR] WebSocket connection to 'ws://localhost:8085/hot' failed:  @ http://localhost:8085/index.ts.bundle?platform=web&dev=true&hot=false&lazy=true&transform.engine=hermes&transform.routerRoot=app&unstable_transformProfile=hermes-stable:1809
[  132329ms] [WARNING] Cannot connect to Metro.
 
 Try the following to fix the issue:
 - Ensure the Metro dev server is running and available on the same network as this device
 
 URL: localhost:8085
 
 Error: undefined @ http://localhost:8085/index.ts.bundle?platform=web&dev=true&hot=false&lazy=true&transform.engine=hermes&transform.routerRoot=app&unstable_transformProfile=hermes-stable:1732
